1702474007 : MsMpEng 152.203125  517775360
1702474195 : MsMpEng 241.28125  542490624
1702474255 : MsMpEng 277.34375  520486912
1702474315 : MsMpEng 311.203125  523403264
1702474375 : MsMpEng 342.25  519249920
1702474435 : MsMpEng 385.390625  491683840
1702474495 : MsMpEng 419.203125  479653888
1702476997 : MsMpEng 457.734375  539758592
1702477057 : MsMpEng 521.859375  601042944
1702477117 : MsMpEng 556.59375  579166208
1702477178 : MsMpEng 585.546875  568180736
1702477238 : MsMpEng 630.71875  559333376
1702477298 : MsMpEng 670.15625  558923776
1702496324 : MsMpEng 809.84375  551899136
1702496384 : MsMpEng 853.421875  543076352
1702496444 : MsMpEng 885.75  525701120
1702496504 : MsMpEng 921.828125  529551360
1702496564 : MsMpEng 958.34375  501035008
1702496624 : MsMpEng 992.8125  497410048
1702496853 : MsMpEng 1103.453125  501719040
1702496913 : MsMpEng 1135.265625  562176000
1702496973 : MsMpEng 1171.703125  543424512
1702497033 : MsMpEng 1238.59375  548278272
